
ROM used:   6046/32768 (18%)
            6046/32768 (18%) including unused fragments

            2.5 Average locations per line
            10.5 Average locations per statement

RAM used:   257/2048 (13%) at main() level
            282/2048 (14%) worst case

Stack used: 7 worst case (6 in main + 1 for interrupts)
Stack size: 31

Lines Stmts  %   Files
----- ----- ---  -----
  472   370  64  main.c
   12     0   0  main.h
  837     0   0  ..\..\..\PIC C\Devices\18F4550.h
  456   100  17  ..\..\..\PIC C\Drivers\lcd.c
  152   105  18  keypad.h
  423     0   0  ..\..\..\PIC C\Drivers\string.h
   32     0   0  ..\..\..\PIC C\Drivers\stddef.h
   28     0   0  ..\..\..\PIC C\Drivers\ctype.h
   37     0   0  ..\..\..\PIC C\Drivers\stdio.h
----- -----
 2449   575 Total

Page ROM  %  RAM   Vol Diff  Functions:
---- --- --- ---   --- ----  ----------
0     40   0    1             @delay_ms1
0      8   0    0             @PUTCHARI_BIU_1
0     82   1    3   760  4.5  lcd_read_byte
0     86   1    2   262  3.7  lcd_read_nibble
0     76   1    1   399  2.4  lcd_send_nibble
0     82   1    3   415  3.7  lcd_send_byte
0    156   1    6   852  6.2  lcd_init
0     38   0    4   208  6.3  lcd_gotoxy
0    108   1    1   354  4.7  lcd_putc
0     96   1    2   292  3.7  Dieukhiencot
0     44   0    0             @goto10739
0     36   0    0    99  3.3  Khoitaophim
0    434   4    1  2589  5.2  QT
0    142   1    9   318  6.5  strstr
0    180   1    2   627  8.2  Ktmk
0    224   2    2  1193  5.9  RDA_isr
0     52   0    0   197  4.7  TIMER2_isr
0     92   1    2   267  3.6  reset
0     22   0    0             @const822
0     34   0    2             @PSTRINGC_9600_31766_31767
0   3296  27    3 12411 10.1  MAIN
0     14   0    0             @const828
0     32   0    2             @PSTRINGC_674
0     14   0    0             @const830
0     10   0    0             @const831
0     24   0    0             @const832
0     14   0    0             @const833
0      2   0    0             @const834
0     12   0    0             @const835
0      2   0    0             @const838
0      8   0    0             @const839
0      6   0    0             @const840
0     16   0    0             @const841
0     42   0    3             @PSTRINGCN_9600_31766_31767
0     38   0    2             @PSTRINGR_9600_31766_31767
0     12   0    0             @const845
0     12   0    0             @const848
0      2   0    0             @const853
0     16   0    0             @const854
0      6   0    0             @const855
0      2   0    0             @const857
0     16   0    0             @const858
0      2   0    0             @const859
0     10   0    0             @const860
0      2   0    0             @const861
0     14   0    0             @const862
0     16   0    0             @const864
0     38   0    0             @const865
0     12   0    0             @const867
0      6   0    0             @const868
0     12   0    0             @const869
0      2   0    0             @const870
0     14   0    0             @const871
0      2   0    0             @const872
0      8   0    0             @const873
0      2   0    0             @const877
0     12   0    0             @const878
0      6   0    0             @const879
0      2   0    0             @const882
0     14   0    0             @const883
0      6   0    0             @const884
0      2   0    0             @const888
0     18   0    0             @const889
0      6   0    0             @const890
0      2   0    0             @const892
0     18   0    0             @const893
0      2   0    0             @const895
0     16   0    0             @const896
0      2   0    0             @const897
0     14   0    0             @const898
 Inline         0             @cinit1

Program metrics:
    Functions               16
    Statements              575
    Comments                354
    Volume (V)              29346
    Difficulty (D)          79.4
    Effort to implement (E) 2329542
    Time to implement (T)   35 hours, 57 minutes
    Est Delivered Bugs (B)  6
    Cyclomatic Complexity   84
    Maintainability (MI)    115

 Segment     Used  Free
-----------  ----  ----
00000-00002     4  0  
00004-00006     0  4  
00008-000A0   154  0  
000A2-07FFE  5888  26718  



